<?xml version="1.0" encoding="UTF-8"?>
<robot generator="Robot 7.3.2 (Python 3.12.7 on win32)" generated="2025-11-13T23:10:39.069668" rpa="false" schemaversion="5">
<suite id="s1" name="Todomvc-Tutorial" source="c:\Users\florian.jocham\IdeaProjects\todomvc-tutorial">
<suite id="s1-s1" name="Tests" source="c:\Users\florian.jocham\IdeaProjects\todomvc-tutorial\tests">
<suite id="s1-s1-s1" name="Testsuite" source="c:\Users\florian.jocham\IdeaProjects\todomvc-tutorial\tests\testsuite.robot">
<kw name="Starte ToDoMVC" owner="keywords" type="SETUP">
<msg time="2025-11-13T23:10:39.507310" level="TRACE">Arguments: [  ]</msg>
<kw name="New Browser" owner="Browser">
<msg time="2025-11-13T23:10:39.509223" level="TRACE">Arguments: [ &lt;SupportedBrowsers.chromium: 1&gt; | headless=False ]</msg>
<msg time="2025-11-13T23:10:39.510224" level="INFO">{"browser": "chromium", "headless": false, "chromiumSandbox": false, "devtools": false, "handleSIGHUP": true, "handleSIGINT": true, "handleSIGTERM": true, "slowMo": 0.0, "timeout": 30000.0, "tracesDir": "c:\\Users\\florian.jocham\\IdeaProjects\\todomvc-tutorial\\Logs\\browser\\traces\\temp\\95146ff5-9624-4600-940c-069f1ee7c8f9"}</msg>
<msg time="2025-11-13T23:10:39.790704" level="INFO">Starting Browser process c:\Users\florian.jocham\IdeaProjects\Python_Virtualenvs\python_3_12_7\Lib\site-packages\Browser\wrapper\index.js using at 127.0.0.1:52898</msg>
<msg time="2025-11-13T23:10:39.791702" level="TRACE">Node startup parameters: ['node', 'c:\\Users\\florian.jocham\\IdeaProjects\\Python_Virtualenvs\\python_3_12_7\\Lib\\site-packages\\Browser\\wrapper\\index.js', '127.0.0.1', '52898']</msg>
<msg time="2025-11-13T23:10:39.804670" level="DEBUG">Waiting for Playwright server at 127.0.0.1:52898 to start...</msg>
<msg time="2025-11-13T23:10:40.847027" level="TRACE">Connected to the playwright process at 127.0.0.1:52898: body: "OK"
</msg>
<msg time="2025-11-13T23:10:41.444774" level="INFO">Successfully created browser with options: {"browser":"chromium","headless":false,"chromiumSandbox":false,"devtools":false,"handleSIGHUP":true,"handleSIGINT":true,"handleSIGTERM":true,"slowMo":0,"timeout":30000,"tracesDir":"c:\\Users\\florian.jocham\\IdeaProjects\\todomvc-tutorial\\Logs\\browser\\traces\\temp\\95146ff5-9624-4600-940c-069f1ee7c8f9"}</msg>
<msg time="2025-11-13T23:10:41.444774" level="TRACE">Return: 'browser=bcd723f4-c489-4f49-ae83-d084bb57d138'</msg>
<arg>${BROWSER}</arg>
<arg>headless=${HEADLESS}</arg>
<tag>BrowserControl</tag>
<tag>Setter</tag>
<doc>Create a new playwright Browser with specified options.</doc>
<status status="PASS" start="2025-11-13T23:10:39.507310" elapsed="1.938488"/>
</kw>
<kw name="New Context" owner="Browser">
<msg time="2025-11-13T23:10:41.448930" level="TRACE">Arguments: [  ]</msg>
<msg time="2025-11-13T23:10:41.452930" level="INFO">{
  "acceptDownloads": true,
  "bypassCSP": false,
  "forcedColors": "none",
  "ignoreHTTPSErrors": false,
  "javaScriptEnabled": true,
  "offline": false,
  "reducedMotion": "no-preference",
  "serviceWorkers": "allow",
  "viewport": {
    "width": 1280,
    "height": 720
  }
}</msg>
<msg time="2025-11-13T23:10:41.496810" level="INFO">Successfully created context. </msg>
<msg time="2025-11-13T23:10:41.498274" level="INFO">{'acceptDownloads': True, 'bypassCSP': False, 'forcedColors': 'none', 'ignoreHTTPSErrors': False, 'javaScriptEnabled': True, 'offline': False, 'reducedMotion': 'no-preference', 'serviceWorkers': 'allow', 'viewport': {'width': 1280, 'height': 720}}</msg>
<msg time="2025-11-13T23:10:41.499293" level="TRACE">Return: 'context=ed8ab683-87d2-49b8-921d-9bf8d87a2549'</msg>
<tag>BrowserControl</tag>
<tag>Setter</tag>
<doc>Create a new BrowserContext with specified options.</doc>
<status status="PASS" start="2025-11-13T23:10:41.445798" elapsed="0.054496"/>
</kw>
<kw name="New Page" owner="Browser">
<msg time="2025-11-13T23:10:41.503471" level="TRACE">Arguments: [ 'https://todomvc.com/examples/vue/dist/#/' ]</msg>
<msg time="2025-11-13T23:10:42.805270" level="INFO">Successfully initialized new page object and opened url: https://todomvc.com/examples/vue/dist/#/</msg>
<msg time="2025-11-13T23:10:42.806266" level="DEBUG">Video is not enabled.</msg>
<msg time="2025-11-13T23:10:42.808270" level="TRACE">Return: {'page_id': 'page=30f85737-62ac-4891-aedb-b623a20e1adb', 'video_path': ''}</msg>
<arg>${BASE_URL}</arg>
<tag>BrowserControl</tag>
<tag>Setter</tag>
<doc>Open a new Page.</doc>
<status status="PASS" start="2025-11-13T23:10:41.500294" elapsed="1.307976"/>
</kw>
<kw name="Get Title" owner="Browser">
<msg time="2025-11-13T23:10:42.812576" level="TRACE">Arguments: [ &lt;AssertionOperator.equal: '=='&gt; | 'TodoMVC: Vue' | message=' | FAIL | Titel stimmt nicht überein: https://todomvc.com/examples/vue/dist/#/' ]</msg>
<msg time="2025-11-13T23:10:42.844632" level="DEBUG">Active page title is: TodoMVC: Vue</msg>
<msg time="2025-11-13T23:10:42.845618" level="INFO">Title: 'TodoMVC: Vue'</msg>
<msg time="2025-11-13T23:10:42.846632" level="DEBUG">Assertion polling statistics:
First element asserted in: 0.03206348419189453 seconds
Total tries: 1
Elapsed time in retries 0.0 seconds</msg>
<msg time="2025-11-13T23:10:42.846632" level="TRACE">Return: 'TodoMVC: Vue'</msg>
<arg>==</arg>
<arg>${BASE_TITLE}</arg>
<arg>message= | FAIL | Titel stimmt nicht überein: ${BASE_URL}</arg>
<tag>Assertion</tag>
<tag>Getter</tag>
<tag>PageContent</tag>
<doc>Returns the title of the current page.</doc>
<status status="PASS" start="2025-11-13T23:10:42.809269" elapsed="0.038350"/>
</kw>
<msg time="2025-11-13T23:10:42.847619" level="TRACE">Return: None</msg>
<doc>Startet den Browser und die Anwendung mit den konfigurierten Einstellungen.</doc>
<status status="PASS" start="2025-11-13T23:10:39.506208" elapsed="3.342413"/>
</kw>
<test id="s1-s1-s1-t1" name="TID-002: Todos auf erledigt setzen" line="20">
<kw name="Todos Anlegen" owner="keywords" type="SETUP">
<msg time="2025-11-13T23:10:42.881786" level="TRACE">Arguments: [ @{todo_liste}=['Einkaufen gehen', 'Kochen', 'Sport machen'] ]</msg>
<for flavor="IN">
<iter>
<kw name="Fill Text" owner="Browser">
<msg time="2025-11-13T23:10:42.890793" level="TRACE">Arguments: [ 'input.new-todo' | 'Einkaufen gehen' ]</msg>
<msg time="2025-11-13T23:10:42.891793" level="INFO">Fills the text 'Einkaufen gehen' in the given field.</msg>
<msg time="2025-11-13T23:10:42.977673" level="DEBUG">Fill text Einkaufen gehen on input.new-todo with force: false</msg>
<msg time="2025-11-13T23:10:42.978671" level="TRACE">Return: None</msg>
<arg>${INPUT_NEW_TODO}</arg>
<arg>${todo}</arg>
<tag>PageContent</tag>
<tag>Setter</tag>
<doc>Clears and fills the given ``txt`` into the text field found by ``selector``.</doc>
<status status="PASS" start="2025-11-13T23:10:42.888787" elapsed="0.089884"/>
</kw>
<kw name="Press Keys" owner="Browser">
<msg time="2025-11-13T23:10:42.983523" level="TRACE">Arguments: [ 'input.new-todo' | 'Enter' ]</msg>
<msg time="2025-11-13T23:10:43.102157" level="DEBUG">Pressed keys: "Enter" on input.new-todo </msg>
<msg time="2025-11-13T23:10:43.105712" level="TRACE">Return: None</msg>
<arg>${INPUT_NEW_TODO}</arg>
<arg>Enter</arg>
<tag>PageContent</tag>
<tag>Setter</tag>
<doc>Types the given key combination into element found by ``selector``.</doc>
<status status="PASS" start="2025-11-13T23:10:42.979963" elapsed="0.127749"/>
</kw>
<var name="${todo}">Einkaufen gehen</var>
<status status="PASS" start="2025-11-13T23:10:42.886806" elapsed="0.220906"/>
</iter>
<iter>
<kw name="Fill Text" owner="Browser">
<msg time="2025-11-13T23:10:43.112714" level="TRACE">Arguments: [ 'input.new-todo' | 'Kochen' ]</msg>
<msg time="2025-11-13T23:10:43.114722" level="INFO">Fills the text 'Kochen' in the given field.</msg>
<msg time="2025-11-13T23:10:43.163144" level="DEBUG">Fill text Kochen on input.new-todo with force: false</msg>
<msg time="2025-11-13T23:10:43.165680" level="TRACE">Return: None</msg>
<arg>${INPUT_NEW_TODO}</arg>
<arg>${todo}</arg>
<tag>PageContent</tag>
<tag>Setter</tag>
<doc>Clears and fills the given ``txt`` into the text field found by ``selector``.</doc>
<status status="PASS" start="2025-11-13T23:10:43.110716" elapsed="0.056400"/>
</kw>
<kw name="Press Keys" owner="Browser">
<msg time="2025-11-13T23:10:43.173140" level="TRACE">Arguments: [ 'input.new-todo' | 'Enter' ]</msg>
<msg time="2025-11-13T23:10:43.214760" level="DEBUG">Pressed keys: "Enter" on input.new-todo </msg>
<msg time="2025-11-13T23:10:43.216762" level="TRACE">Return: None</msg>
<arg>${INPUT_NEW_TODO}</arg>
<arg>Enter</arg>
<tag>PageContent</tag>
<tag>Setter</tag>
<doc>Types the given key combination into element found by ``selector``.</doc>
<status status="PASS" start="2025-11-13T23:10:43.169135" elapsed="0.048628"/>
</kw>
<var name="${todo}">Kochen</var>
<status status="PASS" start="2025-11-13T23:10:43.108712" elapsed="0.109051"/>
</iter>
<iter>
<kw name="Fill Text" owner="Browser">
<msg time="2025-11-13T23:10:43.222759" level="TRACE">Arguments: [ 'input.new-todo' | 'Sport machen' ]</msg>
<msg time="2025-11-13T23:10:43.224759" level="INFO">Fills the text 'Sport machen' in the given field.</msg>
<msg time="2025-11-13T23:10:43.258941" level="DEBUG">Fill text Sport machen on input.new-todo with force: false</msg>
<msg time="2025-11-13T23:10:43.260198" level="TRACE">Return: None</msg>
<arg>${INPUT_NEW_TODO}</arg>
<arg>${todo}</arg>
<tag>PageContent</tag>
<tag>Setter</tag>
<doc>Clears and fills the given ``txt`` into the text field found by ``selector``.</doc>
<status status="PASS" start="2025-11-13T23:10:43.219763" elapsed="0.041882"/>
</kw>
<kw name="Press Keys" owner="Browser">
<msg time="2025-11-13T23:10:43.263660" level="TRACE">Arguments: [ 'input.new-todo' | 'Enter' ]</msg>
<msg time="2025-11-13T23:10:43.301363" level="DEBUG">Pressed keys: "Enter" on input.new-todo </msg>
<msg time="2025-11-13T23:10:43.302770" level="TRACE">Return: None</msg>
<arg>${INPUT_NEW_TODO}</arg>
<arg>Enter</arg>
<tag>PageContent</tag>
<tag>Setter</tag>
<doc>Types the given key combination into element found by ``selector``.</doc>
<status status="PASS" start="2025-11-13T23:10:43.261645" elapsed="0.042238"/>
</kw>
<var name="${todo}">Sport machen</var>
<status status="PASS" start="2025-11-13T23:10:43.218763" elapsed="0.086142"/>
</iter>
<var>${todo}</var>
<value>@{todo_liste}</value>
<status status="PASS" start="2025-11-13T23:10:42.883786" elapsed="0.421119"/>
</for>
<msg time="2025-11-13T23:10:43.305927" level="TRACE">Return: None</msg>
<arg>Einkaufen gehen</arg>
<arg>Kochen</arg>
<arg>Sport machen</arg>
<doc>Legt beliebig viele Todos an.</doc>
<status status="PASS" start="2025-11-13T23:10:42.879794" elapsed="0.427131"/>
</kw>
<kw name="Take Screenshot" owner="Browser">
<msg time="2025-11-13T23:10:43.311924" level="TRACE">Arguments: [  ]</msg>
<msg time="2025-11-13T23:10:43.480156" level="DEBUG">Screenshot successfully captured to: c:\Users\florian.jocham\IdeaProjects\todomvc-tutorial\Logs\browser\screenshot\robotframework-browser-screenshot-1.png</msg>
<msg time="2025-11-13T23:10:43.481161" level="INFO" html="true">&lt;/td&gt;&lt;/tr&gt;&lt;tr&gt;&lt;td colspan="3"&gt;&lt;a href="browser/screenshot/robotframework-browser-screenshot-1.png" target="_blank"&gt;&lt;img src="browser/screenshot/robotframework-browser-screenshot-1.png" width="800px"/&gt;&lt;/a&gt;</msg>
<msg time="2025-11-13T23:10:43.483159" level="TRACE">Return: 'c:\\Users\\florian.jocham\\IdeaProjects\\todomvc-tutorial\\Logs\\browser\\screenshot\\robotframework-browser-screenshot-1.png'</msg>
<tag>PageContent</tag>
<doc>Takes a screenshot of the current window or element and saves it to disk.</doc>
<status status="PASS" start="2025-11-13T23:10:43.308929" elapsed="0.174834"/>
</kw>
<kw name="Vorhandene Todos" owner="keywords">
<msg time="2025-11-13T23:10:43.490154" level="TRACE">Arguments: [ ${erwartete_anzahl}='3' ]</msg>
<kw name="Get Element Count" owner="Browser">
<msg time="2025-11-13T23:10:43.493154" level="TRACE">Arguments: [ 'ul.todo-list li' ]</msg>
<msg time="2025-11-13T23:10:43.511198" level="TRACE">Return: 3</msg>
<msg time="2025-11-13T23:10:43.512195" level="INFO">${anzahl_todos} = 3</msg>
<var>${anzahl_todos}</var>
<arg>${TODO_ITEM}</arg>
<tag>Assertion</tag>
<tag>Getter</tag>
<tag>PageContent</tag>
<doc>Returns the count of elements found with ``selector``.</doc>
<status status="PASS" start="2025-11-13T23:10:43.491157" elapsed="0.021038"/>
</kw>
<kw name="Log To Console" owner="BuiltIn">
<msg time="2025-11-13T23:10:43.515565" level="TRACE">Arguments: [ 'Vorhandene Todos: 3' ]</msg>
<msg time="2025-11-13T23:10:43.517559" level="TRACE">Return: None</msg>
<arg>Vorhandene Todos: ${anzahl_todos}</arg>
<doc>Logs the given message to the console.</doc>
<status status="PASS" start="2025-11-13T23:10:43.513520" elapsed="0.005038"/>
</kw>
<kw name="Should Be Equal As Integers" owner="BuiltIn">
<msg time="2025-11-13T23:10:43.521779" level="TRACE">Arguments: [ 3 | '3' | msg='Erwartete Anzahl der Todos stimmt nicht' ]</msg>
<msg time="2025-11-13T23:10:43.522777" level="INFO">Argument types are:
&lt;class 'int'&gt;
&lt;class 'str'&gt;</msg>
<msg time="2025-11-13T23:10:43.523775" level="TRACE">Return: None</msg>
<arg>${anzahl_todos}</arg>
<arg>${erwartete_anzahl}</arg>
<arg>msg=Erwartete Anzahl der Todos stimmt nicht</arg>
<doc>Fails if objects are unequal after converting them to integers.</doc>
<status status="PASS" start="2025-11-13T23:10:43.519558" elapsed="0.005221"/>
</kw>
<msg time="2025-11-13T23:10:43.524779" level="TRACE">Return: None</msg>
<arg>erwartete_anzahl=3</arg>
<doc>Prüft wie viele Todos noch offen sind</doc>
<status status="PASS" start="2025-11-13T23:10:43.487141" elapsed="0.038635"/>
</kw>
<kw name="Todos Als Erledigt Markieren" owner="keywords">
<msg time="2025-11-13T23:10:43.528783" level="TRACE">Arguments: [ @{todo_liste}=['Einkaufen gehen', 'Kochen'] ]</msg>
<for flavor="IN">
<iter>
<kw name="Check Checkbox" owner="Browser">
<msg time="2025-11-13T23:10:43.536798" level="TRACE">Arguments: [ 'ul.todo-list li:has-text("Einkaufen gehen") input.toggle' ]</msg>
<msg time="2025-11-13T23:10:43.627783" level="DEBUG">Checked checkbox: ul.todo-list li:has-text("Einkaufen gehen") input.toggle with force: false</msg>
<msg time="2025-11-13T23:10:43.628834" level="TRACE">Return: None</msg>
<arg>${TODO_ITEM}:has-text("${todo}") ${CHECKBOX_TODO}</arg>
<tag>PageContent</tag>
<tag>Setter</tag>
<doc>Checks the checkbox or selects radio button found by ``selector``.</doc>
<status status="PASS" start="2025-11-13T23:10:43.533773" elapsed="0.096010"/>
</kw>
<var name="${todo}">Einkaufen gehen</var>
<status status="PASS" start="2025-11-13T23:10:43.531783" elapsed="0.099005"/>
</iter>
<iter>
<kw name="Check Checkbox" owner="Browser">
<msg time="2025-11-13T23:10:43.636788" level="TRACE">Arguments: [ 'ul.todo-list li:has-text("Kochen") input.toggle' ]</msg>
<msg time="2025-11-13T23:10:43.746921" level="DEBUG">Checked checkbox: ul.todo-list li:has-text("Kochen") input.toggle with force: false</msg>
<msg time="2025-11-13T23:10:43.746921" level="TRACE">Return: None</msg>
<arg>${TODO_ITEM}:has-text("${todo}") ${CHECKBOX_TODO}</arg>
<tag>PageContent</tag>
<tag>Setter</tag>
<doc>Checks the checkbox or selects radio button found by ``selector``.</doc>
<status status="PASS" start="2025-11-13T23:10:43.633792" elapsed="0.114125"/>
</kw>
<var name="${todo}">Kochen</var>
<status status="PASS" start="2025-11-13T23:10:43.630788" elapsed="0.118198"/>
</iter>
<var>${todo}</var>
<value>@{todo_liste}</value>
<status status="PASS" start="2025-11-13T23:10:43.530784" elapsed="0.219219"/>
</for>
<msg time="2025-11-13T23:10:43.751003" level="TRACE">Return: None</msg>
<arg>Einkaufen gehen</arg>
<arg>Kochen</arg>
<doc>Markiert alle übergebenen Todos als erledigt</doc>
<status status="PASS" start="2025-11-13T23:10:43.526779" elapsed="0.225222"/>
</kw>
<kw name="Erledigte Todos" owner="keywords">
<msg time="2025-11-13T23:10:43.757215" level="TRACE">Arguments: [ ${erwartete_anzahl}='2' ]</msg>
<kw name="Get Element Count" owner="Browser">
<msg time="2025-11-13T23:10:43.762528" level="TRACE">Arguments: [ 'input.toggle:checked' ]</msg>
<msg time="2025-11-13T23:10:43.780783" level="TRACE">Return: 2</msg>
<msg time="2025-11-13T23:10:43.783790" level="INFO">${erledigte_todos} = 2</msg>
<var>${erledigte_todos}</var>
<arg>${CHECKBOX_TODO}:checked</arg>
<tag>Assertion</tag>
<tag>Getter</tag>
<tag>PageContent</tag>
<doc>Returns the count of elements found with ``selector``.</doc>
<status status="PASS" start="2025-11-13T23:10:43.759404" elapsed="0.025385"/>
</kw>
<kw name="Should Be Equal As Integers" owner="BuiltIn">
<msg time="2025-11-13T23:10:43.788018" level="TRACE">Arguments: [ 2 | '2' | 'message= | FAIL | 2 Todos sollten erledigt sein, aber 2 sind es.' ]</msg>
<msg time="2025-11-13T23:10:43.788997" level="INFO">Argument types are:
&lt;class 'int'&gt;
&lt;class 'str'&gt;</msg>
<msg time="2025-11-13T23:10:43.789996" level="TRACE">Return: None</msg>
<arg>${erledigte_todos}</arg>
<arg>${erwartete_anzahl}</arg>
<arg>message= | FAIL | ${erwartete_anzahl} Todos sollten erledigt sein, aber ${erledigte_todos} sind es.</arg>
<doc>Fails if objects are unequal after converting them to integers.</doc>
<status status="PASS" start="2025-11-13T23:10:43.785806" elapsed="0.004190"/>
</kw>
<msg time="2025-11-13T23:10:43.790997" level="TRACE">Return: None</msg>
<arg>erwartete_anzahl=2</arg>
<doc>Prüft wie viele Todos erledigt sind</doc>
<status status="PASS" start="2025-11-13T23:10:43.754754" elapsed="0.037247"/>
</kw>
<kw name="Take Screenshot" owner="Browser">
<msg time="2025-11-13T23:10:43.795537" level="TRACE">Arguments: [  ]</msg>
<msg time="2025-11-13T23:10:43.923956" level="DEBUG">Screenshot successfully captured to: c:\Users\florian.jocham\IdeaProjects\todomvc-tutorial\Logs\browser\screenshot\robotframework-browser-screenshot-2.png</msg>
<msg time="2025-11-13T23:10:43.924951" level="INFO" html="true">&lt;/td&gt;&lt;/tr&gt;&lt;tr&gt;&lt;td colspan="3"&gt;&lt;a href="browser/screenshot/robotframework-browser-screenshot-2.png" target="_blank"&gt;&lt;img src="browser/screenshot/robotframework-browser-screenshot-2.png" width="800px"/&gt;&lt;/a&gt;</msg>
<msg time="2025-11-13T23:10:43.925964" level="TRACE">Return: 'c:\\Users\\florian.jocham\\IdeaProjects\\todomvc-tutorial\\Logs\\browser\\screenshot\\robotframework-browser-screenshot-2.png'</msg>
<tag>PageContent</tag>
<doc>Takes a screenshot of the current window or element and saves it to disk.</doc>
<status status="PASS" start="2025-11-13T23:10:43.793000" elapsed="0.133959"/>
</kw>
<msg time="2025-11-13T23:10:43.939001" level="TRACE">Set timeout to: 10000</msg>
<doc>Testet das Anlegen eines neuen Todos mit Sonderzeichen.</doc>
<tag>regression</tag>
<tag>tid-002</tag>
<status status="PASS" start="2025-11-13T23:10:42.848621" elapsed="1.079334"/>
</test>
<kw name="Close Browser" owner="Browser" type="TEARDOWN">
<msg time="2025-11-13T23:10:43.957175" level="TRACE">Arguments: [  ]</msg>
<msg time="2025-11-13T23:10:45.675722" level="INFO">Closed browser</msg>
<msg time="2025-11-13T23:10:45.676730" level="TRACE">Return: None</msg>
<tag>BrowserControl</tag>
<tag>Setter</tag>
<doc>Closes the current browser.</doc>
<status status="PASS" start="2025-11-13T23:10:43.955158" elapsed="1.722580"/>
</kw>
<doc>regressionstests für die TodoMVC-Anwendung.</doc>
<status status="PASS" start="2025-11-13T23:10:39.104489" elapsed="6.573249"/>
</suite>
<status status="PASS" start="2025-11-13T23:10:39.099614" elapsed="6.596117"/>
</suite>
<status status="PASS" start="2025-11-13T23:10:39.076648" elapsed="6.623080"/>
</suite>
<statistics>
<total>
<stat pass="1" fail="0" skip="0">All Tests</stat>
</total>
<tag>
<stat pass="1" fail="0" skip="0">regression</stat>
<stat pass="1" fail="0" skip="0">tid-002</stat>
</tag>
<suite>
<stat name="Todomvc-Tutorial" id="s1" pass="1" fail="0" skip="0">Todomvc-Tutorial</stat>
<stat name="Tests" id="s1-s1" pass="1" fail="0" skip="0">Todomvc-Tutorial.Tests</stat>
<stat name="Testsuite" id="s1-s1-s1" pass="1" fail="0" skip="0">Todomvc-Tutorial.Tests.Testsuite</stat>
</suite>
</statistics>
<errors>
</errors>
</robot>
