<?xml version="1.0" encoding="UTF-8"?>
<robot generator="Robot 7.3.2 (Python 3.13.9 on win32)" generated="2025-11-15T04:19:14.128442" rpa="false" schemaversion="5">
<suite id="s1" name="Tests" source="C:\Projects\todomvc-tutorial\tests">
<suite id="s1-s1" name="Testsuite" source="C:\Projects\todomvc-tutorial\tests\testsuite.robot">
<kw name="Starte ToDoMVC" owner="keywords" type="SETUP">
<kw name="New Browser" owner="Browser">
<msg time="2025-11-15T04:19:14.348289" level="INFO">{"browser": "chromium", "headless": false, "chromiumSandbox": false, "devtools": false, "handleSIGHUP": true, "handleSIGINT": true, "handleSIGTERM": true, "slowMo": 0.0, "timeout": 30000.0, "tracesDir": "C:\\Projects\\todomvc-tutorial\\results\\browser\\traces\\temp\\f6f9c674-ef84-4687-bb3e-5758d4b20e69"}</msg>
<msg time="2025-11-15T04:19:14.368938" level="INFO">Starting Browser process c:\Projects\todomvc-tutorial\.venv\Lib\site-packages\Browser\wrapper\index.js using at 127.0.0.1:55590</msg>
<msg time="2025-11-15T04:19:15.553412" level="INFO">Successfully created browser with options: {"browser":"chromium","headless":false,"chromiumSandbox":false,"devtools":false,"handleSIGHUP":true,"handleSIGINT":true,"handleSIGTERM":true,"slowMo":0,"timeout":30000,"tracesDir":"C:\\Projects\\todomvc-tutorial\\results\\browser\\traces\\temp\\f6f9c674-ef84-4687-bb3e-5758d4b20e69"}</msg>
<arg>${BROWSER}</arg>
<arg>headless=${HEADLESS}</arg>
<tag>BrowserControl</tag>
<tag>Setter</tag>
<doc>Create a new playwright Browser with specified options.</doc>
<status status="PASS" start="2025-11-15T04:19:14.347540" elapsed="1.206071"/>
</kw>
<kw name="New Context" owner="Browser">
<msg time="2025-11-15T04:19:15.555631" level="INFO">{
  "acceptDownloads": true,
  "bypassCSP": false,
  "forcedColors": "none",
  "ignoreHTTPSErrors": false,
  "javaScriptEnabled": true,
  "offline": false,
  "reducedMotion": "no-preference",
  "serviceWorkers": "allow",
  "viewport": {
    "width": 1280,
    "height": 720
  }
}</msg>
<msg time="2025-11-15T04:19:15.575116" level="INFO">Successfully created context. </msg>
<msg time="2025-11-15T04:19:15.575182" level="INFO">{'acceptDownloads': True, 'bypassCSP': False, 'forcedColors': 'none', 'ignoreHTTPSErrors': False, 'javaScriptEnabled': True, 'offline': False, 'reducedMotion': 'no-preference', 'serviceWorkers': 'allow', 'viewport': {'width': 1280, 'height': 720}}</msg>
<tag>BrowserControl</tag>
<tag>Setter</tag>
<doc>Create a new BrowserContext with specified options.</doc>
<status status="PASS" start="2025-11-15T04:19:15.553863" elapsed="0.021406"/>
</kw>
<kw name="New Page" owner="Browser">
<msg time="2025-11-15T04:19:15.865101" level="INFO">Successfully initialized new page object and opened url: https://todomvc.com/examples/vue/dist/#/</msg>
<arg>${BASE_URL}</arg>
<tag>BrowserControl</tag>
<tag>Setter</tag>
<doc>Open a new Page.</doc>
<status status="PASS" start="2025-11-15T04:19:15.575438" elapsed="0.289884"/>
</kw>
<kw name="Get Title" owner="Browser">
<msg time="2025-11-15T04:19:15.872817" level="INFO">Title: 'TodoMVC: Vue'</msg>
<arg>==</arg>
<arg>${BASE_TITLE}</arg>
<arg>message= | FAIL | Titel stimmt nicht überein: ${BASE_URL}</arg>
<tag>Assertion</tag>
<tag>Getter</tag>
<tag>PageContent</tag>
<doc>Returns the title of the current page.</doc>
<status status="PASS" start="2025-11-15T04:19:15.865479" elapsed="0.007428"/>
</kw>
<doc>Startet den Browser und die Anwendung mit den konfigurierten Einstellungen.</doc>
<status status="PASS" start="2025-11-15T04:19:14.347001" elapsed="1.526003"/>
</kw>
<test id="s1-s1-t1" name="TID-001: Todo Anlegen" line="12">
<kw name="Todos Anlegen" owner="keywords" type="SETUP">
<for flavor="IN">
<iter>
<kw name="Fill Text" owner="Browser">
<msg time="2025-11-15T04:19:15.879277" level="INFO">Fills the text 'Einkaufen gehen' in the given field.</msg>
<arg>${INPUT_NEW_TODO}</arg>
<arg>${todo}</arg>
<tag>PageContent</tag>
<tag>Setter</tag>
<doc>Clears and fills the given ``txt`` into the text field found by ``selector``.</doc>
<status status="PASS" start="2025-11-15T04:19:15.878833" elapsed="0.027136"/>
</kw>
<kw name="Press Keys" owner="Browser">
<arg>${INPUT_NEW_TODO}</arg>
<arg>Enter</arg>
<tag>PageContent</tag>
<tag>Setter</tag>
<doc>Types the given key combination into element found by ``selector``.</doc>
<status status="PASS" start="2025-11-15T04:19:15.906187" elapsed="0.012394"/>
</kw>
<var name="${todo}">Einkaufen gehen</var>
<status status="PASS" start="2025-11-15T04:19:15.878629" elapsed="0.040038"/>
</iter>
<iter>
<kw name="Fill Text" owner="Browser">
<msg time="2025-11-15T04:19:15.919531" level="INFO">Fills the text 'Kochen' in the given field.</msg>
<arg>${INPUT_NEW_TODO}</arg>
<arg>${todo}</arg>
<tag>PageContent</tag>
<tag>Setter</tag>
<doc>Clears and fills the given ``txt`` into the text field found by ``selector``.</doc>
<status status="PASS" start="2025-11-15T04:19:15.919061" elapsed="0.017901"/>
</kw>
<kw name="Press Keys" owner="Browser">
<arg>${INPUT_NEW_TODO}</arg>
<arg>Enter</arg>
<tag>PageContent</tag>
<tag>Setter</tag>
<doc>Types the given key combination into element found by ``selector``.</doc>
<status status="PASS" start="2025-11-15T04:19:15.937195" elapsed="0.008617"/>
</kw>
<var name="${todo}">Kochen</var>
<status status="PASS" start="2025-11-15T04:19:15.918812" elapsed="0.027108"/>
</iter>
<iter>
<kw name="Fill Text" owner="Browser">
<msg time="2025-11-15T04:19:15.946872" level="INFO">Fills the text 'Sport machen' in the given field.</msg>
<arg>${INPUT_NEW_TODO}</arg>
<arg>${todo}</arg>
<tag>PageContent</tag>
<tag>Setter</tag>
<doc>Clears and fills the given ``txt`` into the text field found by ``selector``.</doc>
<status status="PASS" start="2025-11-15T04:19:15.946359" elapsed="0.007007"/>
</kw>
<kw name="Press Keys" owner="Browser">
<arg>${INPUT_NEW_TODO}</arg>
<arg>Enter</arg>
<tag>PageContent</tag>
<tag>Setter</tag>
<doc>Types the given key combination into element found by ``selector``.</doc>
<status status="PASS" start="2025-11-15T04:19:15.953554" elapsed="0.008582"/>
</kw>
<var name="${todo}">Sport machen</var>
<status status="PASS" start="2025-11-15T04:19:15.946079" elapsed="0.016162"/>
</iter>
<var>${todo}</var>
<value>@{todo_liste}</value>
<status status="PASS" start="2025-11-15T04:19:15.878353" elapsed="0.083958"/>
</for>
<arg>Einkaufen gehen</arg>
<arg>Kochen</arg>
<arg>Sport machen</arg>
<doc>Legt beliebig viele Todos an.</doc>
<status status="PASS" start="2025-11-15T04:19:15.877990" elapsed="0.084440"/>
</kw>
<kw name="Todos Anlegen" owner="keywords">
<for flavor="IN">
<iter>
<kw name="Fill Text" owner="Browser">
<msg time="2025-11-15T04:19:15.963991" level="INFO">Fills the text 'Wohnung aufräumen' in the given field.</msg>
<arg>${INPUT_NEW_TODO}</arg>
<arg>${todo}</arg>
<tag>PageContent</tag>
<tag>Setter</tag>
<doc>Clears and fills the given ``txt`` into the text field found by ``selector``.</doc>
<status status="PASS" start="2025-11-15T04:19:15.963514" elapsed="0.007767"/>
</kw>
<kw name="Press Keys" owner="Browser">
<arg>${INPUT_NEW_TODO}</arg>
<arg>Enter</arg>
<tag>PageContent</tag>
<tag>Setter</tag>
<doc>Types the given key combination into element found by ``selector``.</doc>
<status status="PASS" start="2025-11-15T04:19:15.971517" elapsed="0.008812"/>
</kw>
<var name="${todo}">Wohnung aufräumen</var>
<status status="PASS" start="2025-11-15T04:19:15.963363" elapsed="0.017088"/>
</iter>
<var>${todo}</var>
<value>@{todo_liste}</value>
<status status="PASS" start="2025-11-15T04:19:15.963160" elapsed="0.017356"/>
</for>
<arg>Wohnung aufräumen</arg>
<doc>Legt beliebig viele Todos an.</doc>
<status status="PASS" start="2025-11-15T04:19:15.962805" elapsed="0.017815"/>
</kw>
<kw name="Vorhandene Todos" owner="keywords">
<kw name="Get Element Count" owner="Browser">
<msg time="2025-11-15T04:19:15.985814" level="INFO">${anzahl_todos} = 4</msg>
<var>${anzahl_todos}</var>
<arg>${TODO_ITEM}</arg>
<tag>Assertion</tag>
<tag>Getter</tag>
<tag>PageContent</tag>
<doc>Returns the count of elements found with ``selector``.</doc>
<status status="PASS" start="2025-11-15T04:19:15.981340" elapsed="0.004511"/>
</kw>
<kw name="Log To Console" owner="BuiltIn">
<arg>Vorhandene Todos: ${anzahl_todos}</arg>
<doc>Logs the given message to the console.</doc>
<status status="PASS" start="2025-11-15T04:19:15.986094" elapsed="0.000325"/>
</kw>
<kw name="Should Be Equal As Integers" owner="BuiltIn">
<msg time="2025-11-15T04:19:15.986939" level="INFO">Argument types are:
&lt;class 'int'&gt;
&lt;class 'str'&gt;</msg>
<arg>${anzahl_todos}</arg>
<arg>${erwartete_anzahl}</arg>
<arg>msg=Erwartete Anzahl der Todos stimmt nicht</arg>
<doc>Fails if objects are unequal after converting them to integers.</doc>
<status status="PASS" start="2025-11-15T04:19:15.986536" elapsed="0.000483"/>
</kw>
<arg>erwartete_anzahl=4</arg>
<doc>Prüft wie viele Todos noch offen sind</doc>
<status status="PASS" start="2025-11-15T04:19:15.980934" elapsed="0.006184"/>
</kw>
<kw name="Take Screenshot" owner="Browser">
<msg time="2025-11-15T04:19:16.040358" level="INFO" html="true">&lt;/td&gt;&lt;/tr&gt;&lt;tr&gt;&lt;td colspan="3"&gt;&lt;a href="browser/screenshot/robotframework-browser-screenshot-1.png" target="_blank"&gt;&lt;img src="browser/screenshot/robotframework-browser-screenshot-1.png" width="800px"/&gt;&lt;/a&gt;</msg>
<tag>PageContent</tag>
<doc>Takes a screenshot of the current window or element and saves it to disk.</doc>
<status status="PASS" start="2025-11-15T04:19:15.987399" elapsed="0.053143"/>
</kw>
<doc>Test.Cas</doc>
<tag>regression</tag>
<tag>tid-001</tag>
<status status="PASS" start="2025-11-15T04:19:15.873077" elapsed="0.167726"/>
</test>
<test id="s1-s1-t2" name="TID-002: Todos auf erledigt setzen" line="20">
<kw name="Todos Anlegen" owner="keywords" type="SETUP">
<for flavor="IN">
<iter>
<kw name="Fill Text" owner="Browser">
<msg time="2025-11-15T04:19:16.049121" level="INFO">Fills the text 'Einkaufen gehen' in the given field.</msg>
<arg>${INPUT_NEW_TODO}</arg>
<arg>${todo}</arg>
<tag>PageContent</tag>
<tag>Setter</tag>
<doc>Clears and fills the given ``txt`` into the text field found by ``selector``.</doc>
<status status="PASS" start="2025-11-15T04:19:16.048719" elapsed="0.006918"/>
</kw>
<kw name="Press Keys" owner="Browser">
<arg>${INPUT_NEW_TODO}</arg>
<arg>Enter</arg>
<tag>PageContent</tag>
<tag>Setter</tag>
<doc>Types the given key combination into element found by ``selector``.</doc>
<status status="PASS" start="2025-11-15T04:19:16.055848" elapsed="0.007858"/>
</kw>
<var name="${todo}">Einkaufen gehen</var>
<status status="PASS" start="2025-11-15T04:19:16.048566" elapsed="0.015266"/>
</iter>
<iter>
<kw name="Fill Text" owner="Browser">
<msg time="2025-11-15T04:19:16.064878" level="INFO">Fills the text 'Kochen' in the given field.</msg>
<arg>${INPUT_NEW_TODO}</arg>
<arg>${todo}</arg>
<tag>PageContent</tag>
<tag>Setter</tag>
<doc>Clears and fills the given ``txt`` into the text field found by ``selector``.</doc>
<status status="PASS" start="2025-11-15T04:19:16.064286" elapsed="0.008170"/>
</kw>
<kw name="Press Keys" owner="Browser">
<arg>${INPUT_NEW_TODO}</arg>
<arg>Enter</arg>
<tag>PageContent</tag>
<tag>Setter</tag>
<doc>Types the given key combination into element found by ``selector``.</doc>
<status status="PASS" start="2025-11-15T04:19:16.072674" elapsed="0.009111"/>
</kw>
<var name="${todo}">Kochen</var>
<status status="PASS" start="2025-11-15T04:19:16.064009" elapsed="0.017866"/>
</iter>
<iter>
<kw name="Fill Text" owner="Browser">
<msg time="2025-11-15T04:19:16.082713" level="INFO">Fills the text 'Sport machen' in the given field.</msg>
<arg>${INPUT_NEW_TODO}</arg>
<arg>${todo}</arg>
<tag>PageContent</tag>
<tag>Setter</tag>
<doc>Clears and fills the given ``txt`` into the text field found by ``selector``.</doc>
<status status="PASS" start="2025-11-15T04:19:16.082246" elapsed="0.006394"/>
</kw>
<kw name="Press Keys" owner="Browser">
<arg>${INPUT_NEW_TODO}</arg>
<arg>Enter</arg>
<tag>PageContent</tag>
<tag>Setter</tag>
<doc>Types the given key combination into element found by ``selector``.</doc>
<status status="PASS" start="2025-11-15T04:19:16.088878" elapsed="0.007977"/>
</kw>
<var name="${todo}">Sport machen</var>
<status status="PASS" start="2025-11-15T04:19:16.082011" elapsed="0.014925"/>
</iter>
<var>${todo}</var>
<value>@{todo_liste}</value>
<status status="PASS" start="2025-11-15T04:19:16.048366" elapsed="0.048614"/>
</for>
<arg>Einkaufen gehen</arg>
<arg>Kochen</arg>
<arg>Sport machen</arg>
<doc>Legt beliebig viele Todos an.</doc>
<status status="PASS" start="2025-11-15T04:19:16.048037" elapsed="0.049014"/>
</kw>
<kw name="Take Screenshot" owner="Browser">
<msg time="2025-11-15T04:19:16.145911" level="INFO" html="true">&lt;/td&gt;&lt;/tr&gt;&lt;tr&gt;&lt;td colspan="3"&gt;&lt;a href="browser/screenshot/robotframework-browser-screenshot-2.png" target="_blank"&gt;&lt;img src="browser/screenshot/robotframework-browser-screenshot-2.png" width="800px"/&gt;&lt;/a&gt;</msg>
<tag>PageContent</tag>
<doc>Takes a screenshot of the current window or element and saves it to disk.</doc>
<status status="PASS" start="2025-11-15T04:19:16.097297" elapsed="0.048764"/>
</kw>
<kw name="Vorhandene Todos" owner="keywords">
<kw name="Get Element Count" owner="Browser">
<msg time="2025-11-15T04:19:16.150707" level="INFO">${anzahl_todos} = 7</msg>
<var>${anzahl_todos}</var>
<arg>${TODO_ITEM}</arg>
<tag>Assertion</tag>
<tag>Getter</tag>
<tag>PageContent</tag>
<doc>Returns the count of elements found with ``selector``.</doc>
<status status="PASS" start="2025-11-15T04:19:16.146813" elapsed="0.003933"/>
</kw>
<kw name="Log To Console" owner="BuiltIn">
<arg>Vorhandene Todos: ${anzahl_todos}</arg>
<doc>Logs the given message to the console.</doc>
<status status="PASS" start="2025-11-15T04:19:16.150876" elapsed="0.000312"/>
</kw>
<kw name="Should Be Equal As Integers" owner="BuiltIn">
<msg time="2025-11-15T04:19:16.151593" level="INFO">Argument types are:
&lt;class 'int'&gt;
&lt;class 'str'&gt;</msg>
<msg time="2025-11-15T04:19:16.151720" level="FAIL">Erwartete Anzahl der Todos stimmt nicht: 7 != 3</msg>
<arg>${anzahl_todos}</arg>
<arg>${erwartete_anzahl}</arg>
<arg>msg=Erwartete Anzahl der Todos stimmt nicht</arg>
<doc>Fails if objects are unequal after converting them to integers.</doc>
<status status="FAIL" start="2025-11-15T04:19:16.151291" elapsed="0.000570">Erwartete Anzahl der Todos stimmt nicht: 7 != 3</status>
</kw>
<arg>erwartete_anzahl=3</arg>
<doc>Prüft wie viele Todos noch offen sind</doc>
<status status="FAIL" start="2025-11-15T04:19:16.146363" elapsed="0.005625">Erwartete Anzahl der Todos stimmt nicht: 7 != 3</status>
</kw>
<kw name="Todos Als Erledigt Markieren" owner="keywords">
<arg>Einkaufen gehen</arg>
<arg>Kochen</arg>
<doc>Markiert alle übergebenen Todos als erledigt</doc>
<status status="NOT RUN" start="2025-11-15T04:19:16.152251" elapsed="0.000121"/>
</kw>
<kw name="Erledigte Todos" owner="keywords">
<arg>erwartete_anzahl=2</arg>
<doc>Prüft wie viele Todos erledigt sind</doc>
<status status="NOT RUN" start="2025-11-15T04:19:16.152579" elapsed="0.000104"/>
</kw>
<kw name="Take Screenshot" owner="Browser">
<tag>PageContent</tag>
<doc>Takes a screenshot of the current window or element and saves it to disk.</doc>
<status status="NOT RUN" start="2025-11-15T04:19:16.152826" elapsed="0.000084"/>
</kw>
<doc>Testet das Anlegen eines neuen Todos mit Sonderzeichen.</doc>
<tag>regression</tag>
<tag>tid-002</tag>
<status status="FAIL" start="2025-11-15T04:19:16.045605" elapsed="0.107480">Erwartete Anzahl der Todos stimmt nicht: 7 != 3</status>
</test>
<test id="s1-s1-t3" name="TID-003: Erledigte Todos löschen" line="30">
<kw name="Todos Anlegen" owner="keywords" type="SETUP">
<for flavor="IN">
<iter>
<kw name="Fill Text" owner="Browser">
<msg time="2025-11-15T04:19:16.161806" level="INFO">Fills the text 'Einkaufen gehen' in the given field.</msg>
<arg>${INPUT_NEW_TODO}</arg>
<arg>${todo}</arg>
<tag>PageContent</tag>
<tag>Setter</tag>
<doc>Clears and fills the given ``txt`` into the text field found by ``selector``.</doc>
<status status="PASS" start="2025-11-15T04:19:16.161249" elapsed="0.005999"/>
</kw>
<kw name="Press Keys" owner="Browser">
<arg>${INPUT_NEW_TODO}</arg>
<arg>Enter</arg>
<tag>PageContent</tag>
<tag>Setter</tag>
<doc>Types the given key combination into element found by ``selector``.</doc>
<status status="PASS" start="2025-11-15T04:19:16.167615" elapsed="0.008192"/>
</kw>
<var name="${todo}">Einkaufen gehen</var>
<status status="PASS" start="2025-11-15T04:19:16.161054" elapsed="0.014868"/>
</iter>
<iter>
<kw name="Fill Text" owner="Browser">
<msg time="2025-11-15T04:19:16.176824" level="INFO">Fills the text 'Kochen' in the given field.</msg>
<arg>${INPUT_NEW_TODO}</arg>
<arg>${todo}</arg>
<tag>PageContent</tag>
<tag>Setter</tag>
<doc>Clears and fills the given ``txt`` into the text field found by ``selector``.</doc>
<status status="PASS" start="2025-11-15T04:19:16.176365" elapsed="0.006210"/>
</kw>
<kw name="Press Keys" owner="Browser">
<arg>${INPUT_NEW_TODO}</arg>
<arg>Enter</arg>
<tag>PageContent</tag>
<tag>Setter</tag>
<doc>Types the given key combination into element found by ``selector``.</doc>
<status status="PASS" start="2025-11-15T04:19:16.182802" elapsed="0.009650"/>
</kw>
<var name="${todo}">Kochen</var>
<status status="PASS" start="2025-11-15T04:19:16.176066" elapsed="0.016489"/>
</iter>
<iter>
<kw name="Fill Text" owner="Browser">
<msg time="2025-11-15T04:19:16.193435" level="INFO">Fills the text 'Sport machen' in the given field.</msg>
<arg>${INPUT_NEW_TODO}</arg>
<arg>${todo}</arg>
<tag>PageContent</tag>
<tag>Setter</tag>
<doc>Clears and fills the given ``txt`` into the text field found by ``selector``.</doc>
<status status="PASS" start="2025-11-15T04:19:16.193004" elapsed="0.005880"/>
</kw>
<kw name="Press Keys" owner="Browser">
<arg>${INPUT_NEW_TODO}</arg>
<arg>Enter</arg>
<tag>PageContent</tag>
<tag>Setter</tag>
<doc>Types the given key combination into element found by ``selector``.</doc>
<status status="PASS" start="2025-11-15T04:19:16.199082" elapsed="0.007550"/>
</kw>
<var name="${todo}">Sport machen</var>
<status status="PASS" start="2025-11-15T04:19:16.192701" elapsed="0.014029"/>
</iter>
<var>${todo}</var>
<value>@{todo_liste}</value>
<status status="PASS" start="2025-11-15T04:19:16.160770" elapsed="0.046021"/>
</for>
<arg>Einkaufen gehen</arg>
<arg>Kochen</arg>
<arg>Sport machen</arg>
<doc>Legt beliebig viele Todos an.</doc>
<status status="PASS" start="2025-11-15T04:19:16.160360" elapsed="0.046520"/>
</kw>
<kw name="Todos Als Erledigt Markieren" owner="keywords">
<for flavor="IN">
<iter>
<kw name="Check Checkbox" owner="Browser">
<msg time="2025-11-15T04:19:16.264350" level="INFO" html="true">&lt;/td&gt;&lt;/tr&gt;&lt;tr&gt;&lt;td colspan="3"&gt;&lt;a href="browser/screenshot/fail-screenshot-1.png" target="_blank"&gt;&lt;img src="browser/screenshot/fail-screenshot-1.png" width="800px"/&gt;&lt;/a&gt;</msg>
<msg time="2025-11-15T04:19:16.264537" level="INFO">See also file:///C:/Projects/todomvc-tutorial/results/playwright-log.txt for additional details.</msg>
<msg time="2025-11-15T04:19:16.264902" level="FAIL">Error: locator.waitFor: Error: strict mode violation: locator('ul.todo-list li:has-text("Sport machen") input.toggle') resolved to 3 elements:
    1) &lt;input class="toggle" type="checkbox"/&gt; aka getByRole('checkbox').nth(3)
    2) &lt;input class="toggle" type="checkbox"/&gt; aka locator('li:nth-child(7) &gt; .view &gt; .toggle')
    3) &lt;input class="toggle" type="checkbox"/&gt; aka locator('li:nth-child(10) &gt; .view &gt; .toggle')

Call log:
  - waiting for locator('ul.todo-list li:has-text("Sport machen") input.toggle')
</msg>
<arg>${TODO_ITEM}:has-text("${todo}") ${CHECKBOX_TODO}</arg>
<tag>PageContent</tag>
<tag>Setter</tag>
<doc>Checks the checkbox or selects radio button found by ``selector``.</doc>
<status status="FAIL" start="2025-11-15T04:19:16.207905" elapsed="0.116039">Error: locator.waitFor: Error: strict mode violation: locator('ul.todo-list li:has-text("Sport machen") input.toggle') resolved to 3 elements:
    1) &lt;input class="toggle" type="checkbox"/&gt; aka getByRole('checkbox').nth(3)
    2) &lt;input class="toggle" type="checkbox"/&gt; aka locator('li:nth-child(7) &gt; .view &gt; .toggle')
    3) &lt;input class="toggle" type="checkbox"/&gt; aka locator('li:nth-child(10) &gt; .view &gt; .toggle')

Call log:
  - waiting for locator('ul.todo-list li:has-text("Sport machen") input.toggle')
</status>
</kw>
<var name="${todo}">Sport machen</var>
<status status="FAIL" start="2025-11-15T04:19:16.207760" elapsed="0.116293">Error: locator.waitFor: Error: strict mode violation: locator('ul.todo-list li:has-text("Sport machen") input.toggle') resolved to 3 elements:
    1) &lt;input class="toggle" type="checkbox"/&gt; aka getByRole('checkbox').nth(3)
    2) &lt;input class="toggle" type="checkbox"/&gt; aka locator('li:nth-child(7) &gt; .view &gt; .toggle')
    3) &lt;input class="toggle" type="checkbox"/&gt; aka locator('li:nth-child(10) &gt; .view &gt; .toggle')

Call log:
  - waiting for locator('ul.todo-list li:has-text("Sport machen") input.toggle')
</status>
</iter>
<var>${todo}</var>
<value>@{todo_liste}</value>
<status status="FAIL" start="2025-11-15T04:19:16.207573" elapsed="0.116556">Error: locator.waitFor: Error: strict mode violation: locator('ul.todo-list li:has-text("Sport machen") input.toggle') resolved to 3 elements:
    1) &lt;input class="toggle" type="checkbox"/&gt; aka getByRole('checkbox').nth(3)
    2) &lt;input class="toggle" type="checkbox"/&gt; aka locator('li:nth-child(7) &gt; .view &gt; .toggle')
    3) &lt;input class="toggle" type="checkbox"/&gt; aka locator('li:nth-child(10) &gt; .view &gt; .toggle')

Call log:
  - waiting for locator('ul.todo-list li:has-text("Sport machen") input.toggle')
</status>
</for>
<arg>Sport machen</arg>
<doc>Markiert alle übergebenen Todos als erledigt</doc>
<status status="FAIL" start="2025-11-15T04:19:16.207235" elapsed="0.116999">Error: locator.waitFor: Error: strict mode violation: locator('ul.todo-list li:has-text("Sport machen") input.toggle') resolved to 3 elements:
    1) &lt;input class="toggle" type="checkbox"/&gt; aka getByRole('checkbox').nth(3)
    2) &lt;input class="toggle" type="checkbox"/&gt; aka locator('li:nth-child(7) &gt; .view &gt; .toggle')
    3) &lt;input class="toggle" type="checkbox"/&gt; aka locator('li:nth-child(10) &gt; .view &gt; .toggle')

Call log:
  - waiting for locator('ul.todo-list li:has-text("Sport machen") input.toggle')
</status>
</kw>
<kw name="Erledigte Todos" owner="keywords">
<arg>erwartete_anzahl=1</arg>
<doc>Prüft wie viele Todos erledigt sind</doc>
<status status="NOT RUN" start="2025-11-15T04:19:16.324513" elapsed="0.000155"/>
</kw>
<kw name="Todos Löschen" owner="keywords">
<arg>status=erledigt</arg>
<doc>Löscht Todos je nach Status: alle | erledigt.</doc>
<status status="NOT RUN" start="2025-11-15T04:19:16.324945" elapsed="0.000093"/>
</kw>
<kw name="Erledigte Todos" owner="keywords">
<arg>erwartete_anzahl=0</arg>
<doc>Prüft wie viele Todos erledigt sind</doc>
<status status="NOT RUN" start="2025-11-15T04:19:16.325198" elapsed="0.000091"/>
</kw>
<kw name="Vorhandene Todos" owner="keywords">
<doc>Prüft wie viele Todos noch offen sind</doc>
<status status="NOT RUN" start="2025-11-15T04:19:16.325446" elapsed="0.000090"/>
</kw>
<kw name="Take Screenshot" owner="Browser">
<tag>PageContent</tag>
<doc>Takes a screenshot of the current window or element and saves it to disk.</doc>
<status status="NOT RUN" start="2025-11-15T04:19:16.325681" elapsed="0.000084"/>
</kw>
<doc>Testet das Anlegen eines neuen Todos mit Sonderzeichen.</doc>
<tag>regression</tag>
<tag>tid-003</tag>
<status status="FAIL" start="2025-11-15T04:19:16.157780" elapsed="0.168156">Error: locator.waitFor: Error: strict mode violation: locator('ul.todo-list li:has-text("Sport machen") input.toggle') resolved to 3 elements:
    1) &lt;input class="toggle" type="checkbox"/&gt; aka getByRole('checkbox').nth(3)
    2) &lt;input class="toggle" type="checkbox"/&gt; aka locator('li:nth-child(7) &gt; .view &gt; .toggle')
    3) &lt;input class="toggle" type="checkbox"/&gt; aka locator('li:nth-child(10) &gt; .view &gt; .toggle')

Call log:
  - waiting for locator('ul.todo-list li:has-text("Sport machen") input.toggle')
</status>
</test>
<kw name="Close Browser" owner="Browser" type="TEARDOWN">
<msg time="2025-11-15T04:19:16.475062" level="INFO">Closed browser</msg>
<tag>BrowserControl</tag>
<tag>Setter</tag>
<doc>Closes the current browser.</doc>
<status status="PASS" start="2025-11-15T04:19:16.330956" elapsed="0.144251"/>
</kw>
<doc>regressionstests für die TodoMVC-Anwendung.</doc>
<status status="FAIL" start="2025-11-15T04:19:14.149664" elapsed="2.325605"/>
</suite>
<status status="FAIL" start="2025-11-15T04:19:14.129571" elapsed="2.349089"/>
</suite>
<statistics>
<total>
<stat pass="1" fail="2" skip="0">All Tests</stat>
</total>
<tag>
<stat pass="1" fail="2" skip="0">regression</stat>
<stat pass="1" fail="0" skip="0">tid-001</stat>
<stat pass="0" fail="1" skip="0">tid-002</stat>
<stat pass="0" fail="1" skip="0">tid-003</stat>
</tag>
<suite>
<stat name="Tests" id="s1" pass="1" fail="2" skip="0">Tests</stat>
<stat name="Testsuite" id="s1-s1" pass="1" fail="2" skip="0">Tests.Testsuite</stat>
</suite>
</statistics>
<errors>
</errors>
</robot>
